INFO: seeding the RNG with -819471619
INFO: Initializing backend 
INFO: Simulation type: MD
INFO: CUDA backend precision: mixed
INFO: The generator will try to take into account bonded interactions by choosing distances between bonded neighbours no larger than 2.000000
INFO: Using '/home/alejandrosoto/Documents/oxDNA/oxDNA2_sequence_dependent_parameters.txt' as the input for sequence-dependent values
INFO: Converting temperature from Celsius (24.000000 C°) to simulation units (0.099050)
INFO: Using a maximum backbone force of 5  (the corresponding mbf_xmax is 0.120156) and a far value of 0.04
INFO: Running Debye-Huckel at salt concentration =  0.1
INFO: Using different widths for major and minor grooves
INFO: Temperature change detected (new temperature: 24.00 C, 297.15 K), re-initialising the DNA interaction
DEBUG: Debye-Huckel parameters: Q=0.054300, lambda_0=0.361646, lambda=1.138178, r_high=3.414535, cutoff=6.084600
DEBUG: Debye-Huckel parameters: debye_huckel_RC=5.121802e+00, debye_huckel_B=2.716325e-04
INFO: The Debye length at this temperature and salt concentration is 1.138178
INFO: No order parameters file specified in input file; printing indices of any particle pairs that have a hydrogen bond between them
INFO: CUDA device not specified
INFO: CUDA sort_every not specified, using 0
INFO: The generator will try to take into account bonded interactions by choosing distances between bonded neighbours no larger than 2.000000
INFO: Using '/home/alejandrosoto/Documents/oxDNA/oxDNA2_sequence_dependent_parameters.txt' as the input for sequence-dependent values
INFO: Using a maximum backbone force of 5  (the corresponding mbf_xmax is 0.120156) and a far value of 0.04
INFO: Using edge-based approach
INFO: pid: 534562
DEBUG: Debye-Huckel parameters: Q=0.054300, lambda_0=0.361646, lambda=1.138178, r_high=3.414535, cutoff=6.084600
DEBUG: Debye-Huckel parameters: debye_huckel_RC=5.121802e+00, debye_huckel_B=2.716325e-04
INFO: The Debye length at this temperature and salt concentration is 1.138178
INFO: (Cells.cpp) N_cells_side: 18, 18, 18; rcut=6.6846, IS_MC: 0
INFO: N: 2800, N molecules: 80
INFO: Using randomly distributed velocities
INFO: Initial kinetic energy: 837.035192
INFO: Choosing device automatically
INFO: Computer has 2 devices
INFO:  - Trying device 0
INFO:  -- device 0 has properties 8.9
INFO:  -- using device 0
INFO:  --- Running on device 0
INFO: threads_per_block was not specified or set to 0. The default value (64) will be used
INFO: CUDA Cells mem: 7.81 MBs, lists mem: 0.01 MBs
INFO: CUDA max_neigh: 1466, max_N_per_cell: 350, N_cells: 5832 (per side: 18 18 18)
INFO: Allocated CUDA memory: 55.39 MBs
INFO: RELEASE: v3.6.0
INFO: GIT COMMIT: a43193c9
INFO: COMPILED ON: 08/03/24

INFO: Total Running Time: 40858.9 s, per step: 0.0408589 ms
INFO: Timings, in seconds, by Timer (total, own, spent in children)
> SimBackend                      40858.864 (100.0%)     3329.077 (  8.1%)    37529.787 ( 91.9%)
***> Hilbert sorting                707.190 (  1.7%)      707.190 (  1.7%)        0.000 (  0.0%)
***> Lists                         2249.475 (  5.5%)     2249.475 (  5.5%)        0.000 (  0.0%)
***> Thermostat                     840.671 (  2.1%)      840.671 (  2.1%)        0.000 (  0.0%)
***> Forces                       23996.164 ( 58.7%)    23996.164 ( 58.7%)        0.000 (  0.0%)
***> First Step                    8144.771 ( 19.9%)     8144.771 ( 19.9%)        0.000 (  0.0%)
***> Observables                   1591.515 (  3.9%)     1591.515 (  3.9%)        0.000 (  0.0%)

INFO: END OF THE SIMULATION, everything went OK!
INFO: Lists updated 17990682 times (every ~55.584330 steps)
INFO: Aggregated I/O statistics (set debug=1 for file-wise information)
	147.802 MB written to files
	605.529 KB written to stdout/stderr
	For a total of  0.00363 MB/s

Please cite at least the following publication for any work that uses the oxDNA simulation package
  * E. Poppleton et al., J. Open Source Softw. 8, 4693 (2023), DOI: 10.21105/joss.04693
